The system is: Linux - 4.19.76-linuxkit - x86_64
Compiling the C compiler identification source file "CMakeCCompilerId.c" succeeded.
Compiler: /persist/sw/slc7_x86-64/GCC-Toolchain/v7.3.0-alice2-7/bin/cc 
Build flags: 
Id flags:  

The output was:
0


Compilation of the C compiler identification source "CMakeCCompilerId.c" produced "a.out"

The C compiler identification is GNU, found in "/home/alidock/GEANT4_BeamTest_SiPm/Project-build/CMakeFiles/3.18.2/CompilerIdC/a.out"

Compiling the CXX compiler identification source file "CMakeCXXCompilerId.cpp" succeeded.
Compiler: /persist/sw/slc7_x86-64/GCC-Toolchain/v7.3.0-alice2-7/bin/c++ 
Build flags: 
Id flags:  

The output was:
0


Compilation of the CXX compiler identification source "CMakeCXXCompilerId.cpp" produced "a.out"

The CXX compiler identification is GNU, found in "/home/alidock/GEANT4_BeamTest_SiPm/Project-build/CMakeFiles/3.18.2/CompilerIdCXX/a.out"

Detecting C compiler ABI info compiled with the following output:
Change Dir: /home/alidock/GEANT4_BeamTest_SiPm/Project-build/CMakeFiles/CMakeTmp

Run Build Command(s):/usr/bin/gmake cmTC_35fbc/fast && /usr/bin/gmake  -f CMakeFiles/cmTC_35fbc.dir/build.make CMakeFiles/cmTC_35fbc.dir/build
gmake[1]: Entering directory `/home/alidock/GEANT4_BeamTest_SiPm/Project-build/CMakeFiles/CMakeTmp'
Building C object CMakeFiles/cmTC_35fbc.dir/CMakeCCompilerABI.c.o
/persist/sw/slc7_x86-64/GCC-Toolchain/v7.3.0-alice2-7/bin/cc   -v -o CMakeFiles/cmTC_35fbc.dir/CMakeCCompilerABI.c.o -c /persist/sw/slc7_x86-64/CMake/v3.18.2-17/share/cmake-3.18/Modules/CMakeCCompilerABI.c
Using built-in specs.
COLLECT_GCC=/persist/sw/slc7_x86-64/GCC-Toolchain/v7.3.0-alice2-7/bin/cc
Target: x86_64-unknown-linux-gnu
Configured with: ../gcc/configure --prefix=/build/workarea/sw/20156127/1/INSTALLROOT/664959d33eb24a745932ccc09afd53485d0098a6/slc7_x86-64/GCC-Toolchain/v7.3.0-alice2-7 --build=x86_64-unknown-linux-gnu --host=x86_64-unknown-linux-gnu --enable-languages=c,c++,fortran --disable-multilib --enable-ld=default --enable-lto --disable-nls
Thread model: posix
gcc version 7.3.0 (GCC) 
COLLECT_GCC_OPTIONS='-v' '-o' 'CMakeFiles/cmTC_35fbc.dir/CMakeCCompilerABI.c.o' '-c' '-mtune=generic' '-march=x86-64'
 /persist/sw/slc7_x86-64/GCC-Toolchain/v7.3.0-alice2-7/bin/../libexec/gcc/x86_64-unknown-linux-gnu/7.3.0/cc1 -quiet -v -iprefix /persist/sw/slc7_x86-64/GCC-Toolchain/v7.3.0-alice2-7/bin/../lib/gcc/x86_64-unknown-linux-gnu/7.3.0/ /persist/sw/slc7_x86-64/CMake/v3.18.2-17/share/cmake-3.18/Modules/CMakeCCompilerABI.c -quiet -dumpbase CMakeCCompilerABI.c -mtune=generic -march=x86-64 -auxbase-strip CMakeFiles/cmTC_35fbc.dir/CMakeCCompilerABI.c.o -version -o /tmp/cc5XTvv3.s
GNU C11 (GCC) version 7.3.0 (x86_64-unknown-linux-gnu)
	compiled by GNU C version 7.3.0, GMP version 6.1.2, MPFR version 3.1.5, MPC version 1.0.3, isl version isl-0.16.1-GMP

GGC heuristics: --param ggc-min-expand=100 --param ggc-min-heapsize=131072
ignoring nonexistent directory "/persist/sw/slc7_x86-64/GCC-Toolchain/v7.3.0-alice2-7/bin/../lib/gcc/x86_64-unknown-linux-gnu/7.3.0/../../../../x86_64-unknown-linux-gnu/include"
ignoring duplicate directory "/persist/sw/slc7_x86-64/GCC-Toolchain/v7.3.0-alice2-7/bin/../lib/gcc/../../lib/gcc/x86_64-unknown-linux-gnu/7.3.0/include"
ignoring duplicate directory "/persist/sw/slc7_x86-64/GCC-Toolchain/v7.3.0-alice2-7/bin/../lib/gcc/../../lib/gcc/x86_64-unknown-linux-gnu/7.3.0/include-fixed"
ignoring nonexistent directory "/persist/sw/slc7_x86-64/GCC-Toolchain/v7.3.0-alice2-7/bin/../lib/gcc/../../lib/gcc/x86_64-unknown-linux-gnu/7.3.0/../../../../x86_64-unknown-linux-gnu/include"
#include "..." search starts here:
#include <...> search starts here:
 /persist/sw/slc7_x86-64/GCC-Toolchain/v7.3.0-alice2-7/bin/../lib/gcc/x86_64-unknown-linux-gnu/7.3.0/include
 /persist/sw/slc7_x86-64/GCC-Toolchain/v7.3.0-alice2-7/bin/../lib/gcc/x86_64-unknown-linux-gnu/7.3.0/include-fixed
 /usr/local/include
 /persist/sw/slc7_x86-64/GCC-Toolchain/v7.3.0-alice2-7/bin/../lib/gcc/../../include
 /usr/include
End of search list.
GNU C11 (GCC) version 7.3.0 (x86_64-unknown-linux-gnu)
	compiled by GNU C version 7.3.0, GMP version 6.1.2, MPFR version 3.1.5, MPC version 1.0.3, isl version isl-0.16.1-GMP

GGC heuristics: --param ggc-min-expand=100 --param ggc-min-heapsize=131072
Compiler executable checksum: 4421755ca37253fbe8dcaaa82eaea4cd
COLLECT_GCC_OPTIONS='-v' '-o' 'CMakeFiles/cmTC_35fbc.dir/CMakeCCompilerABI.c.o' '-c' '-mtune=generic' '-march=x86-64'
 /persist/sw/slc7_x86-64/GCC-Toolchain/v7.3.0-alice2-7/bin/../lib/gcc/x86_64-unknown-linux-gnu/7.3.0/../../../../x86_64-unknown-linux-gnu/bin/as -v --64 -o CMakeFiles/cmTC_35fbc.dir/CMakeCCompilerABI.c.o /tmp/cc5XTvv3.s
GNU assembler version 2.30 (x86_64-unknown-linux-gnu) using BFD version (GNU Binutils) 2.30
COMPILER_PATH=/persist/sw/slc7_x86-64/GCC-Toolchain/v7.3.0-alice2-7/bin/../libexec/gcc/x86_64-unknown-linux-gnu/7.3.0/:/persist/sw/slc7_x86-64/GCC-Toolchain/v7.3.0-alice2-7/bin/../libexec/gcc/:/persist/sw/slc7_x86-64/GCC-Toolchain/v7.3.0-alice2-7/bin/../lib/gcc/x86_64-unknown-linux-gnu/7.3.0/../../../../x86_64-unknown-linux-gnu/bin/
LIBRARY_PATH=/persist/sw/slc7_x86-64/GCC-Toolchain/v7.3.0-alice2-7/bin/../lib/gcc/x86_64-unknown-linux-gnu/7.3.0/:/persist/sw/slc7_x86-64/GCC-Toolchain/v7.3.0-alice2-7/bin/../lib/gcc/:/persist/sw/slc7_x86-64/GCC-Toolchain/v7.3.0-alice2-7/bin/../lib/gcc/x86_64-unknown-linux-gnu/7.3.0/../../../../lib64/:/lib/../lib64/:/usr/lib/../lib64/:/persist/sw/slc7_x86-64/GCC-Toolchain/v7.3.0-alice2-7/bin/../lib/gcc/x86_64-unknown-linux-gnu/7.3.0/../../../../x86_64-unknown-linux-gnu/lib/:/persist/sw/slc7_x86-64/GCC-Toolchain/v7.3.0-alice2-7/bin/../lib/gcc/x86_64-unknown-linux-gnu/7.3.0/../../../:/lib/:/usr/lib/
COLLECT_GCC_OPTIONS='-v' '-o' 'CMakeFiles/cmTC_35fbc.dir/CMakeCCompilerABI.c.o' '-c' '-mtune=generic' '-march=x86-64'
Linking C executable cmTC_35fbc
/persist/sw/slc7_x86-64/CMake/v3.18.2-17/bin/cmake -E cmake_link_script CMakeFiles/cmTC_35fbc.dir/link.txt --verbose=1
/persist/sw/slc7_x86-64/GCC-Toolchain/v7.3.0-alice2-7/bin/cc  -v -rdynamic CMakeFiles/cmTC_35fbc.dir/CMakeCCompilerABI.c.o -o cmTC_35fbc 
Using built-in specs.
COLLECT_GCC=/persist/sw/slc7_x86-64/GCC-Toolchain/v7.3.0-alice2-7/bin/cc
COLLECT_LTO_WRAPPER=/persist/sw/slc7_x86-64/GCC-Toolchain/v7.3.0-alice2-7/bin/../libexec/gcc/x86_64-unknown-linux-gnu/7.3.0/lto-wrapper
Target: x86_64-unknown-linux-gnu
Configured with: ../gcc/configure --prefix=/build/workarea/sw/20156127/1/INSTALLROOT/664959d33eb24a745932ccc09afd53485d0098a6/slc7_x86-64/GCC-Toolchain/v7.3.0-alice2-7 --build=x86_64-unknown-linux-gnu --host=x86_64-unknown-linux-gnu --enable-languages=c,c++,fortran --disable-multilib --enable-ld=default --enable-lto --disable-nls
Thread model: posix
gcc version 7.3.0 (GCC) 
COMPILER_PATH=/persist/sw/slc7_x86-64/GCC-Toolchain/v7.3.0-alice2-7/bin/../libexec/gcc/x86_64-unknown-linux-gnu/7.3.0/:/persist/sw/slc7_x86-64/GCC-Toolchain/v7.3.0-alice2-7/bin/../libexec/gcc/:/persist/sw/slc7_x86-64/GCC-Toolchain/v7.3.0-alice2-7/bin/../lib/gcc/x86_64-unknown-linux-gnu/7.3.0/../../../../x86_64-unknown-linux-gnu/bin/
LIBRARY_PATH=/persist/sw/slc7_x86-64/GCC-Toolchain/v7.3.0-alice2-7/bin/../lib/gcc/x86_64-unknown-linux-gnu/7.3.0/:/persist/sw/slc7_x86-64/GCC-Toolchain/v7.3.0-alice2-7/bin/../lib/gcc/:/persist/sw/slc7_x86-64/GCC-Toolchain/v7.3.0-alice2-7/bin/../lib/gcc/x86_64-unknown-linux-gnu/7.3.0/../../../../lib64/:/lib/../lib64/:/usr/lib/../lib64/:/persist/sw/slc7_x86-64/GCC-Toolchain/v7.3.0-alice2-7/bin/../lib/gcc/x86_64-unknown-linux-gnu/7.3.0/../../../../x86_64-unknown-linux-gnu/lib/:/persist/sw/slc7_x86-64/GCC-Toolchain/v7.3.0-alice2-7/bin/../lib/gcc/x86_64-unknown-linux-gnu/7.3.0/../../../:/lib/:/usr/lib/
COLLECT_GCC_OPTIONS='-v' '-rdynamic' '-o' 'cmTC_35fbc' '-mtune=generic' '-march=x86-64'
 /persist/sw/slc7_x86-64/GCC-Toolchain/v7.3.0-alice2-7/bin/../libexec/gcc/x86_64-unknown-linux-gnu/7.3.0/collect2 -plugin /persist/sw/slc7_x86-64/GCC-Toolchain/v7.3.0-alice2-7/bin/../libexec/gcc/x86_64-unknown-linux-gnu/7.3.0/liblto_plugin.so -plugin-opt=/persist/sw/slc7_x86-64/GCC-Toolchain/v7.3.0-alice2-7/bin/../libexec/gcc/x86_64-unknown-linux-gnu/7.3.0/lto-wrapper -plugin-opt=-fresolution=/tmp/ccG5oSz7.res -plugin-opt=-pass-through=-lgcc -plugin-opt=-pass-through=-lgcc_s -plugin-opt=-pass-through=-lc -plugin-opt=-pass-through=-lgcc -plugin-opt=-pass-through=-lgcc_s --eh-frame-hdr -m elf_x86_64 -export-dynamic -dynamic-linker /lib64/ld-linux-x86-64.so.2 -o cmTC_35fbc /lib/../lib64/crt1.o /lib/../lib64/crti.o /persist/sw/slc7_x86-64/GCC-Toolchain/v7.3.0-alice2-7/bin/../lib/gcc/x86_64-unknown-linux-gnu/7.3.0/crtbegin.o -L/persist/sw/slc7_x86-64/GCC-Toolchain/v7.3.0-alice2-7/bin/../lib/gcc/x86_64-unknown-linux-gnu/7.3.0 -L/persist/sw/slc7_x86-64/GCC-Toolchain/v7.3.0-alice2-7/bin/../lib/gcc -L/persist/sw/slc7_x86-64/GCC-Toolchain/v7.3.0-alice2-7/bin/../lib/gcc/x86_64-unknown-linux-gnu/7.3.0/../../../../lib64 -L/lib/../lib64 -L/usr/lib/../lib64 -L/persist/sw/slc7_x86-64/GCC-Toolchain/v7.3.0-alice2-7/bin/../lib/gcc/x86_64-unknown-linux-gnu/7.3.0/../../../../x86_64-unknown-linux-gnu/lib -L/persist/sw/slc7_x86-64/GCC-Toolchain/v7.3.0-alice2-7/bin/../lib/gcc/x86_64-unknown-linux-gnu/7.3.0/../../.. CMakeFiles/cmTC_35fbc.dir/CMakeCCompilerABI.c.o -lgcc --as-needed -lgcc_s --no-as-needed -lc -lgcc --as-needed -lgcc_s --no-as-needed /persist/sw/slc7_x86-64/GCC-Toolchain/v7.3.0-alice2-7/bin/../lib/gcc/x86_64-unknown-linux-gnu/7.3.0/crtend.o /lib/../lib64/crtn.o
COLLECT_GCC_OPTIONS='-v' '-rdynamic' '-o' 'cmTC_35fbc' '-mtune=generic' '-march=x86-64'
gmake[1]: Leaving directory `/home/alidock/GEANT4_BeamTest_SiPm/Project-build/CMakeFiles/CMakeTmp'



Parsed C implicit include dir info from above output: rv=done
  found start of include info
  found start of implicit include info
    add: [/persist/sw/slc7_x86-64/GCC-Toolchain/v7.3.0-alice2-7/bin/../lib/gcc/x86_64-unknown-linux-gnu/7.3.0/include]
    add: [/persist/sw/slc7_x86-64/GCC-Toolchain/v7.3.0-alice2-7/bin/../lib/gcc/x86_64-unknown-linux-gnu/7.3.0/include-fixed]
    add: [/usr/local/include]
    add: [/persist/sw/slc7_x86-64/GCC-Toolchain/v7.3.0-alice2-7/bin/../lib/gcc/../../include]
    add: [/usr/include]
  end of search list found
  collapse include dir [/persist/sw/slc7_x86-64/GCC-Toolchain/v7.3.0-alice2-7/bin/../lib/gcc/x86_64-unknown-linux-gnu/7.3.0/include] ==> [/persist/sw/slc7_x86-64/GCC-Toolchain/v7.3.0-alice2-7/lib/gcc/x86_64-unknown-linux-gnu/7.3.0/include]
  collapse include dir [/persist/sw/slc7_x86-64/GCC-Toolchain/v7.3.0-alice2-7/bin/../lib/gcc/x86_64-unknown-linux-gnu/7.3.0/include-fixed] ==> [/persist/sw/slc7_x86-64/GCC-Toolchain/v7.3.0-alice2-7/lib/gcc/x86_64-unknown-linux-gnu/7.3.0/include-fixed]
  collapse include dir [/usr/local/include] ==> [/usr/local/include]
  collapse include dir [/persist/sw/slc7_x86-64/GCC-Toolchain/v7.3.0-alice2-7/bin/../lib/gcc/../../include] ==> [/persist/sw/slc7_x86-64/GCC-Toolchain/v7.3.0-alice2-7/include]
  collapse include dir [/usr/include] ==> [/usr/include]
  implicit include dirs: [/persist/sw/slc7_x86-64/GCC-Toolchain/v7.3.0-alice2-7/lib/gcc/x86_64-unknown-linux-gnu/7.3.0/include;/persist/sw/slc7_x86-64/GCC-Toolchain/v7.3.0-alice2-7/lib/gcc/x86_64-unknown-linux-gnu/7.3.0/include-fixed;/usr/local/include;/persist/sw/slc7_x86-64/GCC-Toolchain/v7.3.0-alice2-7/include;/usr/include]


Parsed C implicit link information from above output:
  link line regex: [^( *|.*[/\])(ld|CMAKE_LINK_STARTFILE-NOTFOUND|([^/\]+-)?ld|collect2)[^/\]*( |$)]
  ignore line: [Change Dir: /home/alidock/GEANT4_BeamTest_SiPm/Project-build/CMakeFiles/CMakeTmp]
  ignore line: []
  ignore line: [Run Build Command(s):/usr/bin/gmake cmTC_35fbc/fast && /usr/bin/gmake  -f CMakeFiles/cmTC_35fbc.dir/build.make CMakeFiles/cmTC_35fbc.dir/build]
  ignore line: [gmake[1]: Entering directory `/home/alidock/GEANT4_BeamTest_SiPm/Project-build/CMakeFiles/CMakeTmp']
  ignore line: [Building C object CMakeFiles/cmTC_35fbc.dir/CMakeCCompilerABI.c.o]
  ignore line: [/persist/sw/slc7_x86-64/GCC-Toolchain/v7.3.0-alice2-7/bin/cc   -v -o CMakeFiles/cmTC_35fbc.dir/CMakeCCompilerABI.c.o -c /persist/sw/slc7_x86-64/CMake/v3.18.2-17/share/cmake-3.18/Modules/CMakeCCompilerABI.c]
  ignore line: [Using built-in specs.]
  ignore line: [COLLECT_GCC=/persist/sw/slc7_x86-64/GCC-Toolchain/v7.3.0-alice2-7/bin/cc]
  ignore line: [Target: x86_64-unknown-linux-gnu]
  ignore line: [Configured with: ../gcc/configure --prefix=/build/workarea/sw/20156127/1/INSTALLROOT/664959d33eb24a745932ccc09afd53485d0098a6/slc7_x86-64/GCC-Toolchain/v7.3.0-alice2-7 --build=x86_64-unknown-linux-gnu --host=x86_64-unknown-linux-gnu --enable-languages=c,c++,fortran --disable-multilib --enable-ld=default --enable-lto --disable-nls]
  ignore line: [Thread model: posix]
  ignore line: [gcc version 7.3.0 (GCC) ]
  ignore line: [COLLECT_GCC_OPTIONS='-v' '-o' 'CMakeFiles/cmTC_35fbc.dir/CMakeCCompilerABI.c.o' '-c' '-mtune=generic' '-march=x86-64']
  ignore line: [ /persist/sw/slc7_x86-64/GCC-Toolchain/v7.3.0-alice2-7/bin/../libexec/gcc/x86_64-unknown-linux-gnu/7.3.0/cc1 -quiet -v -iprefix /persist/sw/slc7_x86-64/GCC-Toolchain/v7.3.0-alice2-7/bin/../lib/gcc/x86_64-unknown-linux-gnu/7.3.0/ /persist/sw/slc7_x86-64/CMake/v3.18.2-17/share/cmake-3.18/Modules/CMakeCCompilerABI.c -quiet -dumpbase CMakeCCompilerABI.c -mtune=generic -march=x86-64 -auxbase-strip CMakeFiles/cmTC_35fbc.dir/CMakeCCompilerABI.c.o -version -o /tmp/cc5XTvv3.s]
  ignore line: [GNU C11 (GCC) version 7.3.0 (x86_64-unknown-linux-gnu)]
  ignore line: [	compiled by GNU C version 7.3.0  GMP version 6.1.2  MPFR version 3.1.5  MPC version 1.0.3  isl version isl-0.16.1-GMP]
  ignore line: []
  ignore line: [GGC heuristics: --param ggc-min-expand=100 --param ggc-min-heapsize=131072]
  ignore line: [ignoring nonexistent directory "/persist/sw/slc7_x86-64/GCC-Toolchain/v7.3.0-alice2-7/bin/../lib/gcc/x86_64-unknown-linux-gnu/7.3.0/../../../../x86_64-unknown-linux-gnu/include"]
  ignore line: [ignoring duplicate directory "/persist/sw/slc7_x86-64/GCC-Toolchain/v7.3.0-alice2-7/bin/../lib/gcc/../../lib/gcc/x86_64-unknown-linux-gnu/7.3.0/include"]
  ignore line: [ignoring duplicate directory "/persist/sw/slc7_x86-64/GCC-Toolchain/v7.3.0-alice2-7/bin/../lib/gcc/../../lib/gcc/x86_64-unknown-linux-gnu/7.3.0/include-fixed"]
  ignore line: [ignoring nonexistent directory "/persist/sw/slc7_x86-64/GCC-Toolchain/v7.3.0-alice2-7/bin/../lib/gcc/../../lib/gcc/x86_64-unknown-linux-gnu/7.3.0/../../../../x86_64-unknown-linux-gnu/include"]
  ignore line: [#include "..." search starts here:]
  ignore line: [#include <...> search starts here:]
  ignore line: [ /persist/sw/slc7_x86-64/GCC-Toolchain/v7.3.0-alice2-7/bin/../lib/gcc/x86_64-unknown-linux-gnu/7.3.0/include]
  ignore line: [ /persist/sw/slc7_x86-64/GCC-Toolchain/v7.3.0-alice2-7/bin/../lib/gcc/x86_64-unknown-linux-gnu/7.3.0/include-fixed]
  ignore line: [ /usr/local/include]
  ignore line: [ /persist/sw/slc7_x86-64/GCC-Toolchain/v7.3.0-alice2-7/bin/../lib/gcc/../../include]
  ignore line: [ /usr/include]
  ignore line: [End of search list.]
  ignore line: [GNU C11 (GCC) version 7.3.0 (x86_64-unknown-linux-gnu)]
  ignore line: [	compiled by GNU C version 7.3.0  GMP version 6.1.2  MPFR version 3.1.5  MPC version 1.0.3  isl version isl-0.16.1-GMP]
  ignore line: []
  ignore line: [GGC heuristics: --param ggc-min-expand=100 --param ggc-min-heapsize=131072]
  ignore line: [Compiler executable checksum: 4421755ca37253fbe8dcaaa82eaea4cd]
  ignore line: [COLLECT_GCC_OPTIONS='-v' '-o' 'CMakeFiles/cmTC_35fbc.dir/CMakeCCompilerABI.c.o' '-c' '-mtune=generic' '-march=x86-64']
  ignore line: [ /persist/sw/slc7_x86-64/GCC-Toolchain/v7.3.0-alice2-7/bin/../lib/gcc/x86_64-unknown-linux-gnu/7.3.0/../../../../x86_64-unknown-linux-gnu/bin/as -v --64 -o CMakeFiles/cmTC_35fbc.dir/CMakeCCompilerABI.c.o /tmp/cc5XTvv3.s]
  ignore line: [GNU assembler version 2.30 (x86_64-unknown-linux-gnu) using BFD version (GNU Binutils) 2.30]
  ignore line: [COMPILER_PATH=/persist/sw/slc7_x86-64/GCC-Toolchain/v7.3.0-alice2-7/bin/../libexec/gcc/x86_64-unknown-linux-gnu/7.3.0/:/persist/sw/slc7_x86-64/GCC-Toolchain/v7.3.0-alice2-7/bin/../libexec/gcc/:/persist/sw/slc7_x86-64/GCC-Toolchain/v7.3.0-alice2-7/bin/../lib/gcc/x86_64-unknown-linux-gnu/7.3.0/../../../../x86_64-unknown-linux-gnu/bin/]
  ignore line: [LIBRARY_PATH=/persist/sw/slc7_x86-64/GCC-Toolchain/v7.3.0-alice2-7/bin/../lib/gcc/x86_64-unknown-linux-gnu/7.3.0/:/persist/sw/slc7_x86-64/GCC-Toolchain/v7.3.0-alice2-7/bin/../lib/gcc/:/persist/sw/slc7_x86-64/GCC-Toolchain/v7.3.0-alice2-7/bin/../lib/gcc/x86_64-unknown-linux-gnu/7.3.0/../../../../lib64/:/lib/../lib64/:/usr/lib/../lib64/:/persist/sw/slc7_x86-64/GCC-Toolchain/v7.3.0-alice2-7/bin/../lib/gcc/x86_64-unknown-linux-gnu/7.3.0/../../../../x86_64-unknown-linux-gnu/lib/:/persist/sw/slc7_x86-64/GCC-Toolchain/v7.3.0-alice2-7/bin/../lib/gcc/x86_64-unknown-linux-gnu/7.3.0/../../../:/lib/:/usr/lib/]
  ignore line: [COLLECT_GCC_OPTIONS='-v' '-o' 'CMakeFiles/cmTC_35fbc.dir/CMakeCCompilerABI.c.o' '-c' '-mtune=generic' '-march=x86-64']
  ignore line: [Linking C executable cmTC_35fbc]
  ignore line: [/persist/sw/slc7_x86-64/CMake/v3.18.2-17/bin/cmake -E cmake_link_script CMakeFiles/cmTC_35fbc.dir/link.txt --verbose=1]
  ignore line: [/persist/sw/slc7_x86-64/GCC-Toolchain/v7.3.0-alice2-7/bin/cc  -v -rdynamic CMakeFiles/cmTC_35fbc.dir/CMakeCCompilerABI.c.o -o cmTC_35fbc ]
  ignore line: [Using built-in specs.]
  ignore line: [COLLECT_GCC=/persist/sw/slc7_x86-64/GCC-Toolchain/v7.3.0-alice2-7/bin/cc]
  ignore line: [COLLECT_LTO_WRAPPER=/persist/sw/slc7_x86-64/GCC-Toolchain/v7.3.0-alice2-7/bin/../libexec/gcc/x86_64-unknown-linux-gnu/7.3.0/lto-wrapper]
  ignore line: [Target: x86_64-unknown-linux-gnu]
  ignore line: [Configured with: ../gcc/configure --prefix=/build/workarea/sw/20156127/1/INSTALLROOT/664959d33eb24a745932ccc09afd53485d0098a6/slc7_x86-64/GCC-Toolchain/v7.3.0-alice2-7 --build=x86_64-unknown-linux-gnu --host=x86_64-unknown-linux-gnu --enable-languages=c,c++,fortran --disable-multilib --enable-ld=default --enable-lto --disable-nls]
  ignore line: [Thread model: posix]
  ignore line: [gcc version 7.3.0 (GCC) ]
  ignore line: [COMPILER_PATH=/persist/sw/slc7_x86-64/GCC-Toolchain/v7.3.0-alice2-7/bin/../libexec/gcc/x86_64-unknown-linux-gnu/7.3.0/:/persist/sw/slc7_x86-64/GCC-Toolchain/v7.3.0-alice2-7/bin/../libexec/gcc/:/persist/sw/slc7_x86-64/GCC-Toolchain/v7.3.0-alice2-7/bin/../lib/gcc/x86_64-unknown-linux-gnu/7.3.0/../../../../x86_64-unknown-linux-gnu/bin/]
  ignore line: [LIBRARY_PATH=/persist/sw/slc7_x86-64/GCC-Toolchain/v7.3.0-alice2-7/bin/../lib/gcc/x86_64-unknown-linux-gnu/7.3.0/:/persist/sw/slc7_x86-64/GCC-Toolchain/v7.3.0-alice2-7/bin/../lib/gcc/:/persist/sw/slc7_x86-64/GCC-Toolchain/v7.3.0-alice2-7/bin/../lib/gcc/x86_64-unknown-linux-gnu/7.3.0/../../../../lib64/:/lib/../lib64/:/usr/lib/../lib64/:/persist/sw/slc7_x86-64/GCC-Toolchain/v7.3.0-alice2-7/bin/../lib/gcc/x86_64-unknown-linux-gnu/7.3.0/../../../../x86_64-unknown-linux-gnu/lib/:/persist/sw/slc7_x86-64/GCC-Toolchain/v7.3.0-alice2-7/bin/../lib/gcc/x86_64-unknown-linux-gnu/7.3.0/../../../:/lib/:/usr/lib/]
  ignore line: [COLLECT_GCC_OPTIONS='-v' '-rdynamic' '-o' 'cmTC_35fbc' '-mtune=generic' '-march=x86-64']
  link line: [ /persist/sw/slc7_x86-64/GCC-Toolchain/v7.3.0-alice2-7/bin/../libexec/gcc/x86_64-unknown-linux-gnu/7.3.0/collect2 -plugin /persist/sw/slc7_x86-64/GCC-Toolchain/v7.3.0-alice2-7/bin/../libexec/gcc/x86_64-unknown-linux-gnu/7.3.0/liblto_plugin.so -plugin-opt=/persist/sw/slc7_x86-64/GCC-Toolchain/v7.3.0-alice2-7/bin/../libexec/gcc/x86_64-unknown-linux-gnu/7.3.0/lto-wrapper -plugin-opt=-fresolution=/tmp/ccG5oSz7.res -plugin-opt=-pass-through=-lgcc -plugin-opt=-pass-through=-lgcc_s -plugin-opt=-pass-through=-lc -plugin-opt=-pass-through=-lgcc -plugin-opt=-pass-through=-lgcc_s --eh-frame-hdr -m elf_x86_64 -export-dynamic -dynamic-linker /lib64/ld-linux-x86-64.so.2 -o cmTC_35fbc /lib/../lib64/crt1.o /lib/../lib64/crti.o /persist/sw/slc7_x86-64/GCC-Toolchain/v7.3.0-alice2-7/bin/../lib/gcc/x86_64-unknown-linux-gnu/7.3.0/crtbegin.o -L/persist/sw/slc7_x86-64/GCC-Toolchain/v7.3.0-alice2-7/bin/../lib/gcc/x86_64-unknown-linux-gnu/7.3.0 -L/persist/sw/slc7_x86-64/GCC-Toolchain/v7.3.0-alice2-7/bin/../lib/gcc -L/persist/sw/slc7_x86-64/GCC-Toolchain/v7.3.0-alice2-7/bin/../lib/gcc/x86_64-unknown-linux-gnu/7.3.0/../../../../lib64 -L/lib/../lib64 -L/usr/lib/../lib64 -L/persist/sw/slc7_x86-64/GCC-Toolchain/v7.3.0-alice2-7/bin/../lib/gcc/x86_64-unknown-linux-gnu/7.3.0/../../../../x86_64-unknown-linux-gnu/lib -L/persist/sw/slc7_x86-64/GCC-Toolchain/v7.3.0-alice2-7/bin/../lib/gcc/x86_64-unknown-linux-gnu/7.3.0/../../.. CMakeFiles/cmTC_35fbc.dir/CMakeCCompilerABI.c.o -lgcc --as-needed -lgcc_s --no-as-needed -lc -lgcc --as-needed -lgcc_s --no-as-needed /persist/sw/slc7_x86-64/GCC-Toolchain/v7.3.0-alice2-7/bin/../lib/gcc/x86_64-unknown-linux-gnu/7.3.0/crtend.o /lib/../lib64/crtn.o]
    arg [/persist/sw/slc7_x86-64/GCC-Toolchain/v7.3.0-alice2-7/bin/../libexec/gcc/x86_64-unknown-linux-gnu/7.3.0/collect2] ==> ignore
    arg [-plugin] ==> ignore
    arg [/persist/sw/slc7_x86-64/GCC-Toolchain/v7.3.0-alice2-7/bin/../libexec/gcc/x86_64-unknown-linux-gnu/7.3.0/liblto_plugin.so] ==> ignore
    arg [-plugin-opt=/persist/sw/slc7_x86-64/GCC-Toolchain/v7.3.0-alice2-7/bin/../libexec/gcc/x86_64-unknown-linux-gnu/7.3.0/lto-wrapper] ==> ignore
    arg [-plugin-opt=-fresolution=/tmp/ccG5oSz7.res] ==> ignore
    arg [-plugin-opt=-pass-through=-lgcc] ==> ignore
    arg [-plugin-opt=-pass-through=-lgcc_s] ==> ignore
    arg [-plugin-opt=-pass-through=-lc] ==> ignore
    arg [-plugin-opt=-pass-through=-lgcc] ==> ignore
    arg [-plugin-opt=-pass-through=-lgcc_s] ==> ignore
    arg [--eh-frame-hdr] ==> ignore
    arg [-m] ==> ignore
    arg [elf_x86_64] ==> ignore
    arg [-export-dynamic] ==> ignore
    arg [-dynamic-linker] ==> ignore
    arg [/lib64/ld-linux-x86-64.so.2] ==> ignore
    arg [-o] ==> ignore
    arg [cmTC_35fbc] ==> ignore
    arg [/lib/../lib64/crt1.o] ==> ignore
    arg [/lib/../lib64/crti.o] ==> ignore
    arg [/persist/sw/slc7_x86-64/GCC-Toolchain/v7.3.0-alice2-7/bin/../lib/gcc/x86_64-unknown-linux-gnu/7.3.0/crtbegin.o] ==> ignore
    arg [-L/persist/sw/slc7_x86-64/GCC-Toolchain/v7.3.0-alice2-7/bin/../lib/gcc/x86_64-unknown-linux-gnu/7.3.0] ==> dir [/persist/sw/slc7_x86-64/GCC-Toolchain/v7.3.0-alice2-7/bin/../lib/gcc/x86_64-unknown-linux-gnu/7.3.0]
    arg [-L/persist/sw/slc7_x86-64/GCC-Toolchain/v7.3.0-alice2-7/bin/../lib/gcc] ==> dir [/persist/sw/slc7_x86-64/GCC-Toolchain/v7.3.0-alice2-7/bin/../lib/gcc]
    arg [-L/persist/sw/slc7_x86-64/GCC-Toolchain/v7.3.0-alice2-7/bin/../lib/gcc/x86_64-unknown-linux-gnu/7.3.0/../../../../lib64] ==> dir [/persist/sw/slc7_x86-64/GCC-Toolchain/v7.3.0-alice2-7/bin/../lib/gcc/x86_64-unknown-linux-gnu/7.3.0/../../../../lib64]
    arg [-L/lib/../lib64] ==> dir [/lib/../lib64]
    arg [-L/usr/lib/../lib64] ==> dir [/usr/lib/../lib64]
    arg [-L/persist/sw/slc7_x86-64/GCC-Toolchain/v7.3.0-alice2-7/bin/../lib/gcc/x86_64-unknown-linux-gnu/7.3.0/../../../../x86_64-unknown-linux-gnu/lib] ==> dir [/persist/sw/slc7_x86-64/GCC-Toolchain/v7.3.0-alice2-7/bin/../lib/gcc/x86_64-unknown-linux-gnu/7.3.0/../../../../x86_64-unknown-linux-gnu/lib]
    arg [-L/persist/sw/slc7_x86-64/GCC-Toolchain/v7.3.0-alice2-7/bin/../lib/gcc/x86_64-unknown-linux-gnu/7.3.0/../../..] ==> dir [/persist/sw/slc7_x86-64/GCC-Toolchain/v7.3.0-alice2-7/bin/../lib/gcc/x86_64-unknown-linux-gnu/7.3.0/../../..]
    arg [CMakeFiles/cmTC_35fbc.dir/CMakeCCompilerABI.c.o] ==> ignore
    arg [-lgcc] ==> lib [gcc]
    arg [--as-needed] ==> ignore
    arg [-lgcc_s] ==> lib [gcc_s]
    arg [--no-as-needed] ==> ignore
    arg [-lc] ==> lib [c]
    arg [-lgcc] ==> lib [gcc]
    arg [--as-needed] ==> ignore
    arg [-lgcc_s] ==> lib [gcc_s]
    arg [--no-as-needed] ==> ignore
    arg [/persist/sw/slc7_x86-64/GCC-Toolchain/v7.3.0-alice2-7/bin/../lib/gcc/x86_64-unknown-linux-gnu/7.3.0/crtend.o] ==> ignore
    arg [/lib/../lib64/crtn.o] ==> ignore
  collapse library dir [/persist/sw/slc7_x86-64/GCC-Toolchain/v7.3.0-alice2-7/bin/../lib/gcc/x86_64-unknown-linux-gnu/7.3.0] ==> [/persist/sw/slc7_x86-64/GCC-Toolchain/v7.3.0-alice2-7/lib/gcc/x86_64-unknown-linux-gnu/7.3.0]
  collapse library dir [/persist/sw/slc7_x86-64/GCC-Toolchain/v7.3.0-alice2-7/bin/../lib/gcc] ==> [/persist/sw/slc7_x86-64/GCC-Toolchain/v7.3.0-alice2-7/lib/gcc]
  collapse library dir [/persist/sw/slc7_x86-64/GCC-Toolchain/v7.3.0-alice2-7/bin/../lib/gcc/x86_64-unknown-linux-gnu/7.3.0/../../../../lib64] ==> [/persist/sw/slc7_x86-64/GCC-Toolchain/v7.3.0-alice2-7/lib64]
  collapse library dir [/lib/../lib64] ==> [/lib64]
  collapse library dir [/usr/lib/../lib64] ==> [/usr/lib64]
  collapse library dir [/persist/sw/slc7_x86-64/GCC-Toolchain/v7.3.0-alice2-7/bin/../lib/gcc/x86_64-unknown-linux-gnu/7.3.0/../../../../x86_64-unknown-linux-gnu/lib] ==> [/persist/sw/slc7_x86-64/GCC-Toolchain/v7.3.0-alice2-7/x86_64-unknown-linux-gnu/lib]
  collapse library dir [/persist/sw/slc7_x86-64/GCC-Toolchain/v7.3.0-alice2-7/bin/../lib/gcc/x86_64-unknown-linux-gnu/7.3.0/../../..] ==> [/persist/sw/slc7_x86-64/GCC-Toolchain/v7.3.0-alice2-7/lib]
  implicit libs: [gcc;gcc_s;c;gcc;gcc_s]
  implicit dirs: [/persist/sw/slc7_x86-64/GCC-Toolchain/v7.3.0-alice2-7/lib/gcc/x86_64-unknown-linux-gnu/7.3.0;/persist/sw/slc7_x86-64/GCC-Toolchain/v7.3.0-alice2-7/lib/gcc;/persist/sw/slc7_x86-64/GCC-Toolchain/v7.3.0-alice2-7/lib64;/lib64;/usr/lib64;/persist/sw/slc7_x86-64/GCC-Toolchain/v7.3.0-alice2-7/x86_64-unknown-linux-gnu/lib;/persist/sw/slc7_x86-64/GCC-Toolchain/v7.3.0-alice2-7/lib]
  implicit fwks: []


Detecting CXX compiler ABI info compiled with the following output:
Change Dir: /home/alidock/GEANT4_BeamTest_SiPm/Project-build/CMakeFiles/CMakeTmp

Run Build Command(s):/usr/bin/gmake cmTC_00471/fast && /usr/bin/gmake  -f CMakeFiles/cmTC_00471.dir/build.make CMakeFiles/cmTC_00471.dir/build
gmake[1]: Entering directory `/home/alidock/GEANT4_BeamTest_SiPm/Project-build/CMakeFiles/CMakeTmp'
Building CXX object CMakeFiles/cmTC_00471.dir/CMakeCXXCompilerABI.cpp.o
/persist/sw/slc7_x86-64/GCC-Toolchain/v7.3.0-alice2-7/bin/c++   -v -o CMakeFiles/cmTC_00471.dir/CMakeCXXCompilerABI.cpp.o -c /persist/sw/slc7_x86-64/CMake/v3.18.2-17/share/cmake-3.18/Modules/CMakeCXXCompilerABI.cpp
Using built-in specs.
COLLECT_GCC=/persist/sw/slc7_x86-64/GCC-Toolchain/v7.3.0-alice2-7/bin/c++
Target: x86_64-unknown-linux-gnu
Configured with: ../gcc/configure --prefix=/build/workarea/sw/20156127/1/INSTALLROOT/664959d33eb24a745932ccc09afd53485d0098a6/slc7_x86-64/GCC-Toolchain/v7.3.0-alice2-7 --build=x86_64-unknown-linux-gnu --host=x86_64-unknown-linux-gnu --enable-languages=c,c++,fortran --disable-multilib --enable-ld=default --enable-lto --disable-nls
Thread model: posix
gcc version 7.3.0 (GCC) 
COLLECT_GCC_OPTIONS='-v' '-o' 'CMakeFiles/cmTC_00471.dir/CMakeCXXCompilerABI.cpp.o' '-c' '-shared-libgcc' '-mtune=generic' '-march=x86-64'
 /persist/sw/slc7_x86-64/GCC-Toolchain/v7.3.0-alice2-7/bin/../libexec/gcc/x86_64-unknown-linux-gnu/7.3.0/cc1plus -quiet -v -iprefix /persist/sw/slc7_x86-64/GCC-Toolchain/v7.3.0-alice2-7/bin/../lib/gcc/x86_64-unknown-linux-gnu/7.3.0/ -D_GNU_SOURCE /persist/sw/slc7_x86-64/CMake/v3.18.2-17/share/cmake-3.18/Modules/CMakeCXXCompilerABI.cpp -quiet -dumpbase CMakeCXXCompilerABI.cpp -mtune=generic -march=x86-64 -auxbase-strip CMakeFiles/cmTC_00471.dir/CMakeCXXCompilerABI.cpp.o -version -o /tmp/ccbHG37G.s
GNU C++14 (GCC) version 7.3.0 (x86_64-unknown-linux-gnu)
	compiled by GNU C version 7.3.0, GMP version 6.1.2, MPFR version 3.1.5, MPC version 1.0.3, isl version isl-0.16.1-GMP

GGC heuristics: --param ggc-min-expand=100 --param ggc-min-heapsize=131072
ignoring nonexistent directory "/persist/sw/slc7_x86-64/GCC-Toolchain/v7.3.0-alice2-7/bin/../lib/gcc/x86_64-unknown-linux-gnu/7.3.0/../../../../x86_64-unknown-linux-gnu/include"
ignoring duplicate directory "/persist/sw/slc7_x86-64/GCC-Toolchain/v7.3.0-alice2-7/bin/../lib/gcc/../../lib/gcc/x86_64-unknown-linux-gnu/7.3.0/../../../../include/c++/7.3.0"
ignoring duplicate directory "/persist/sw/slc7_x86-64/GCC-Toolchain/v7.3.0-alice2-7/bin/../lib/gcc/../../lib/gcc/x86_64-unknown-linux-gnu/7.3.0/../../../../include/c++/7.3.0/x86_64-unknown-linux-gnu"
ignoring duplicate directory "/persist/sw/slc7_x86-64/GCC-Toolchain/v7.3.0-alice2-7/bin/../lib/gcc/../../lib/gcc/x86_64-unknown-linux-gnu/7.3.0/../../../../include/c++/7.3.0/backward"
ignoring duplicate directory "/persist/sw/slc7_x86-64/GCC-Toolchain/v7.3.0-alice2-7/bin/../lib/gcc/../../lib/gcc/x86_64-unknown-linux-gnu/7.3.0/include"
ignoring duplicate directory "/persist/sw/slc7_x86-64/GCC-Toolchain/v7.3.0-alice2-7/bin/../lib/gcc/../../lib/gcc/x86_64-unknown-linux-gnu/7.3.0/include-fixed"
ignoring nonexistent directory "/persist/sw/slc7_x86-64/GCC-Toolchain/v7.3.0-alice2-7/bin/../lib/gcc/../../lib/gcc/x86_64-unknown-linux-gnu/7.3.0/../../../../x86_64-unknown-linux-gnu/include"
#include "..." search starts here:
#include <...> search starts here:
 /persist/sw/slc7_x86-64/GCC-Toolchain/v7.3.0-alice2-7/bin/../lib/gcc/x86_64-unknown-linux-gnu/7.3.0/../../../../include/c++/7.3.0
 /persist/sw/slc7_x86-64/GCC-Toolchain/v7.3.0-alice2-7/bin/../lib/gcc/x86_64-unknown-linux-gnu/7.3.0/../../../../include/c++/7.3.0/x86_64-unknown-linux-gnu
 /persist/sw/slc7_x86-64/GCC-Toolchain/v7.3.0-alice2-7/bin/../lib/gcc/x86_64-unknown-linux-gnu/7.3.0/../../../../include/c++/7.3.0/backward
 /persist/sw/slc7_x86-64/GCC-Toolchain/v7.3.0-alice2-7/bin/../lib/gcc/x86_64-unknown-linux-gnu/7.3.0/include
 /persist/sw/slc7_x86-64/GCC-Toolchain/v7.3.0-alice2-7/bin/../lib/gcc/x86_64-unknown-linux-gnu/7.3.0/include-fixed
 /usr/local/include
 /persist/sw/slc7_x86-64/GCC-Toolchain/v7.3.0-alice2-7/bin/../lib/gcc/../../include
 /usr/include
End of search list.
GNU C++14 (GCC) version 7.3.0 (x86_64-unknown-linux-gnu)
	compiled by GNU C version 7.3.0, GMP version 6.1.2, MPFR version 3.1.5, MPC version 1.0.3, isl version isl-0.16.1-GMP

GGC heuristics: --param ggc-min-expand=100 --param ggc-min-heapsize=131072
Compiler executable checksum: dbf666212b61215fa99ce7d8d6ed40f3
COLLECT_GCC_OPTIONS='-v' '-o' 'CMakeFiles/cmTC_00471.dir/CMakeCXXCompilerABI.cpp.o' '-c' '-shared-libgcc' '-mtune=generic' '-march=x86-64'
 /persist/sw/slc7_x86-64/GCC-Toolchain/v7.3.0-alice2-7/bin/../lib/gcc/x86_64-unknown-linux-gnu/7.3.0/../../../../x86_64-unknown-linux-gnu/bin/as -v --64 -o CMakeFiles/cmTC_00471.dir/CMakeCXXCompilerABI.cpp.o /tmp/ccbHG37G.s
GNU assembler version 2.30 (x86_64-unknown-linux-gnu) using BFD version (GNU Binutils) 2.30
COMPILER_PATH=/persist/sw/slc7_x86-64/GCC-Toolchain/v7.3.0-alice2-7/bin/../libexec/gcc/x86_64-unknown-linux-gnu/7.3.0/:/persist/sw/slc7_x86-64/GCC-Toolchain/v7.3.0-alice2-7/bin/../libexec/gcc/:/persist/sw/slc7_x86-64/GCC-Toolchain/v7.3.0-alice2-7/bin/../lib/gcc/x86_64-unknown-linux-gnu/7.3.0/../../../../x86_64-unknown-linux-gnu/bin/
LIBRARY_PATH=/persist/sw/slc7_x86-64/GCC-Toolchain/v7.3.0-alice2-7/bin/../lib/gcc/x86_64-unknown-linux-gnu/7.3.0/:/persist/sw/slc7_x86-64/GCC-Toolchain/v7.3.0-alice2-7/bin/../lib/gcc/:/persist/sw/slc7_x86-64/GCC-Toolchain/v7.3.0-alice2-7/bin/../lib/gcc/x86_64-unknown-linux-gnu/7.3.0/../../../../lib64/:/lib/../lib64/:/usr/lib/../lib64/:/persist/sw/slc7_x86-64/GCC-Toolchain/v7.3.0-alice2-7/bin/../lib/gcc/x86_64-unknown-linux-gnu/7.3.0/../../../../x86_64-unknown-linux-gnu/lib/:/persist/sw/slc7_x86-64/GCC-Toolchain/v7.3.0-alice2-7/bin/../lib/gcc/x86_64-unknown-linux-gnu/7.3.0/../../../:/lib/:/usr/lib/
COLLECT_GCC_OPTIONS='-v' '-o' 'CMakeFiles/cmTC_00471.dir/CMakeCXXCompilerABI.cpp.o' '-c' '-shared-libgcc' '-mtune=generic' '-march=x86-64'
Linking CXX executable cmTC_00471
/persist/sw/slc7_x86-64/CMake/v3.18.2-17/bin/cmake -E cmake_link_script CMakeFiles/cmTC_00471.dir/link.txt --verbose=1
/persist/sw/slc7_x86-64/GCC-Toolchain/v7.3.0-alice2-7/bin/c++  -v -rdynamic CMakeFiles/cmTC_00471.dir/CMakeCXXCompilerABI.cpp.o -o cmTC_00471 
Using built-in specs.
COLLECT_GCC=/persist/sw/slc7_x86-64/GCC-Toolchain/v7.3.0-alice2-7/bin/c++
COLLECT_LTO_WRAPPER=/persist/sw/slc7_x86-64/GCC-Toolchain/v7.3.0-alice2-7/bin/../libexec/gcc/x86_64-unknown-linux-gnu/7.3.0/lto-wrapper
Target: x86_64-unknown-linux-gnu
Configured with: ../gcc/configure --prefix=/build/workarea/sw/20156127/1/INSTALLROOT/664959d33eb24a745932ccc09afd53485d0098a6/slc7_x86-64/GCC-Toolchain/v7.3.0-alice2-7 --build=x86_64-unknown-linux-gnu --host=x86_64-unknown-linux-gnu --enable-languages=c,c++,fortran --disable-multilib --enable-ld=default --enable-lto --disable-nls
Thread model: posix
gcc version 7.3.0 (GCC) 
COMPILER_PATH=/persist/sw/slc7_x86-64/GCC-Toolchain/v7.3.0-alice2-7/bin/../libexec/gcc/x86_64-unknown-linux-gnu/7.3.0/:/persist/sw/slc7_x86-64/GCC-Toolchain/v7.3.0-alice2-7/bin/../libexec/gcc/:/persist/sw/slc7_x86-64/GCC-Toolchain/v7.3.0-alice2-7/bin/../lib/gcc/x86_64-unknown-linux-gnu/7.3.0/../../../../x86_64-unknown-linux-gnu/bin/
LIBRARY_PATH=/persist/sw/slc7_x86-64/GCC-Toolchain/v7.3.0-alice2-7/bin/../lib/gcc/x86_64-unknown-linux-gnu/7.3.0/:/persist/sw/slc7_x86-64/GCC-Toolchain/v7.3.0-alice2-7/bin/../lib/gcc/:/persist/sw/slc7_x86-64/GCC-Toolchain/v7.3.0-alice2-7/bin/../lib/gcc/x86_64-unknown-linux-gnu/7.3.0/../../../../lib64/:/lib/../lib64/:/usr/lib/../lib64/:/persist/sw/slc7_x86-64/GCC-Toolchain/v7.3.0-alice2-7/bin/../lib/gcc/x86_64-unknown-linux-gnu/7.3.0/../../../../x86_64-unknown-linux-gnu/lib/:/persist/sw/slc7_x86-64/GCC-Toolchain/v7.3.0-alice2-7/bin/../lib/gcc/x86_64-unknown-linux-gnu/7.3.0/../../../:/lib/:/usr/lib/
COLLECT_GCC_OPTIONS='-v' '-rdynamic' '-o' 'cmTC_00471' '-shared-libgcc' '-mtune=generic' '-march=x86-64'
 /persist/sw/slc7_x86-64/GCC-Toolchain/v7.3.0-alice2-7/bin/../libexec/gcc/x86_64-unknown-linux-gnu/7.3.0/collect2 -plugin /persist/sw/slc7_x86-64/GCC-Toolchain/v7.3.0-alice2-7/bin/../libexec/gcc/x86_64-unknown-linux-gnu/7.3.0/liblto_plugin.so -plugin-opt=/persist/sw/slc7_x86-64/GCC-Toolchain/v7.3.0-alice2-7/bin/../libexec/gcc/x86_64-unknown-linux-gnu/7.3.0/lto-wrapper -plugin-opt=-fresolution=/tmp/ccoQAMqM.res -plugin-opt=-pass-through=-lgcc_s -plugin-opt=-pass-through=-lgcc -plugin-opt=-pass-through=-lc -plugin-opt=-pass-through=-lgcc_s -plugin-opt=-pass-through=-lgcc --eh-frame-hdr -m elf_x86_64 -export-dynamic -dynamic-linker /lib64/ld-linux-x86-64.so.2 -o cmTC_00471 /lib/../lib64/crt1.o /lib/../lib64/crti.o /persist/sw/slc7_x86-64/GCC-Toolchain/v7.3.0-alice2-7/bin/../lib/gcc/x86_64-unknown-linux-gnu/7.3.0/crtbegin.o -L/persist/sw/slc7_x86-64/GCC-Toolchain/v7.3.0-alice2-7/bin/../lib/gcc/x86_64-unknown-linux-gnu/7.3.0 -L/persist/sw/slc7_x86-64/GCC-Toolchain/v7.3.0-alice2-7/bin/../lib/gcc -L/persist/sw/slc7_x86-64/GCC-Toolchain/v7.3.0-alice2-7/bin/../lib/gcc/x86_64-unknown-linux-gnu/7.3.0/../../../../lib64 -L/lib/../lib64 -L/usr/lib/../lib64 -L/persist/sw/slc7_x86-64/GCC-Toolchain/v7.3.0-alice2-7/bin/../lib/gcc/x86_64-unknown-linux-gnu/7.3.0/../../../../x86_64-unknown-linux-gnu/lib -L/persist/sw/slc7_x86-64/GCC-Toolchain/v7.3.0-alice2-7/bin/../lib/gcc/x86_64-unknown-linux-gnu/7.3.0/../../.. CMakeFiles/cmTC_00471.dir/CMakeCXXCompilerABI.cpp.o -lstdc++ -lm -lgcc_s -lgcc -lc -lgcc_s -lgcc /persist/sw/slc7_x86-64/GCC-Toolchain/v7.3.0-alice2-7/bin/../lib/gcc/x86_64-unknown-linux-gnu/7.3.0/crtend.o /lib/../lib64/crtn.o
COLLECT_GCC_OPTIONS='-v' '-rdynamic' '-o' 'cmTC_00471' '-shared-libgcc' '-mtune=generic' '-march=x86-64'
gmake[1]: Leaving directory `/home/alidock/GEANT4_BeamTest_SiPm/Project-build/CMakeFiles/CMakeTmp'



Parsed CXX implicit include dir info from above output: rv=done
  found start of include info
  found start of implicit include info
    add: [/persist/sw/slc7_x86-64/GCC-Toolchain/v7.3.0-alice2-7/bin/../lib/gcc/x86_64-unknown-linux-gnu/7.3.0/../../../../include/c++/7.3.0]
    add: [/persist/sw/slc7_x86-64/GCC-Toolchain/v7.3.0-alice2-7/bin/../lib/gcc/x86_64-unknown-linux-gnu/7.3.0/../../../../include/c++/7.3.0/x86_64-unknown-linux-gnu]
    add: [/persist/sw/slc7_x86-64/GCC-Toolchain/v7.3.0-alice2-7/bin/../lib/gcc/x86_64-unknown-linux-gnu/7.3.0/../../../../include/c++/7.3.0/backward]
    add: [/persist/sw/slc7_x86-64/GCC-Toolchain/v7.3.0-alice2-7/bin/../lib/gcc/x86_64-unknown-linux-gnu/7.3.0/include]
    add: [/persist/sw/slc7_x86-64/GCC-Toolchain/v7.3.0-alice2-7/bin/../lib/gcc/x86_64-unknown-linux-gnu/7.3.0/include-fixed]
    add: [/usr/local/include]
    add: [/persist/sw/slc7_x86-64/GCC-Toolchain/v7.3.0-alice2-7/bin/../lib/gcc/../../include]
    add: [/usr/include]
  end of search list found
  collapse include dir [/persist/sw/slc7_x86-64/GCC-Toolchain/v7.3.0-alice2-7/bin/../lib/gcc/x86_64-unknown-linux-gnu/7.3.0/../../../../include/c++/7.3.0] ==> [/persist/sw/slc7_x86-64/GCC-Toolchain/v7.3.0-alice2-7/include/c++/7.3.0]
  collapse include dir [/persist/sw/slc7_x86-64/GCC-Toolchain/v7.3.0-alice2-7/bin/../lib/gcc/x86_64-unknown-linux-gnu/7.3.0/../../../../include/c++/7.3.0/x86_64-unknown-linux-gnu] ==> [/persist/sw/slc7_x86-64/GCC-Toolchain/v7.3.0-alice2-7/include/c++/7.3.0/x86_64-unknown-linux-gnu]
  collapse include dir [/persist/sw/slc7_x86-64/GCC-Toolchain/v7.3.0-alice2-7/bin/../lib/gcc/x86_64-unknown-linux-gnu/7.3.0/../../../../include/c++/7.3.0/backward] ==> [/persist/sw/slc7_x86-64/GCC-Toolchain/v7.3.0-alice2-7/include/c++/7.3.0/backward]
  collapse include dir [/persist/sw/slc7_x86-64/GCC-Toolchain/v7.3.0-alice2-7/bin/../lib/gcc/x86_64-unknown-linux-gnu/7.3.0/include] ==> [/persist/sw/slc7_x86-64/GCC-Toolchain/v7.3.0-alice2-7/lib/gcc/x86_64-unknown-linux-gnu/7.3.0/include]
  collapse include dir [/persist/sw/slc7_x86-64/GCC-Toolchain/v7.3.0-alice2-7/bin/../lib/gcc/x86_64-unknown-linux-gnu/7.3.0/include-fixed] ==> [/persist/sw/slc7_x86-64/GCC-Toolchain/v7.3.0-alice2-7/lib/gcc/x86_64-unknown-linux-gnu/7.3.0/include-fixed]
  collapse include dir [/usr/local/include] ==> [/usr/local/include]
  collapse include dir [/persist/sw/slc7_x86-64/GCC-Toolchain/v7.3.0-alice2-7/bin/../lib/gcc/../../include] ==> [/persist/sw/slc7_x86-64/GCC-Toolchain/v7.3.0-alice2-7/include]
  collapse include dir [/usr/include] ==> [/usr/include]
  implicit include dirs: [/persist/sw/slc7_x86-64/GCC-Toolchain/v7.3.0-alice2-7/include/c++/7.3.0;/persist/sw/slc7_x86-64/GCC-Toolchain/v7.3.0-alice2-7/include/c++/7.3.0/x86_64-unknown-linux-gnu;/persist/sw/slc7_x86-64/GCC-Toolchain/v7.3.0-alice2-7/include/c++/7.3.0/backward;/persist/sw/slc7_x86-64/GCC-Toolchain/v7.3.0-alice2-7/lib/gcc/x86_64-unknown-linux-gnu/7.3.0/include;/persist/sw/slc7_x86-64/GCC-Toolchain/v7.3.0-alice2-7/lib/gcc/x86_64-unknown-linux-gnu/7.3.0/include-fixed;/usr/local/include;/persist/sw/slc7_x86-64/GCC-Toolchain/v7.3.0-alice2-7/include;/usr/include]


Parsed CXX implicit link information from above output:
  link line regex: [^( *|.*[/\])(ld|CMAKE_LINK_STARTFILE-NOTFOUND|([^/\]+-)?ld|collect2)[^/\]*( |$)]
  ignore line: [Change Dir: /home/alidock/GEANT4_BeamTest_SiPm/Project-build/CMakeFiles/CMakeTmp]
  ignore line: []
  ignore line: [Run Build Command(s):/usr/bin/gmake cmTC_00471/fast && /usr/bin/gmake  -f CMakeFiles/cmTC_00471.dir/build.make CMakeFiles/cmTC_00471.dir/build]
  ignore line: [gmake[1]: Entering directory `/home/alidock/GEANT4_BeamTest_SiPm/Project-build/CMakeFiles/CMakeTmp']
  ignore line: [Building CXX object CMakeFiles/cmTC_00471.dir/CMakeCXXCompilerABI.cpp.o]
  ignore line: [/persist/sw/slc7_x86-64/GCC-Toolchain/v7.3.0-alice2-7/bin/c++   -v -o CMakeFiles/cmTC_00471.dir/CMakeCXXCompilerABI.cpp.o -c /persist/sw/slc7_x86-64/CMake/v3.18.2-17/share/cmake-3.18/Modules/CMakeCXXCompilerABI.cpp]
  ignore line: [Using built-in specs.]
  ignore line: [COLLECT_GCC=/persist/sw/slc7_x86-64/GCC-Toolchain/v7.3.0-alice2-7/bin/c++]
  ignore line: [Target: x86_64-unknown-linux-gnu]
  ignore line: [Configured with: ../gcc/configure --prefix=/build/workarea/sw/20156127/1/INSTALLROOT/664959d33eb24a745932ccc09afd53485d0098a6/slc7_x86-64/GCC-Toolchain/v7.3.0-alice2-7 --build=x86_64-unknown-linux-gnu --host=x86_64-unknown-linux-gnu --enable-languages=c,c++,fortran --disable-multilib --enable-ld=default --enable-lto --disable-nls]
  ignore line: [Thread model: posix]
  ignore line: [gcc version 7.3.0 (GCC) ]
  ignore line: [COLLECT_GCC_OPTIONS='-v' '-o' 'CMakeFiles/cmTC_00471.dir/CMakeCXXCompilerABI.cpp.o' '-c' '-shared-libgcc' '-mtune=generic' '-march=x86-64']
  ignore line: [ /persist/sw/slc7_x86-64/GCC-Toolchain/v7.3.0-alice2-7/bin/../libexec/gcc/x86_64-unknown-linux-gnu/7.3.0/cc1plus -quiet -v -iprefix /persist/sw/slc7_x86-64/GCC-Toolchain/v7.3.0-alice2-7/bin/../lib/gcc/x86_64-unknown-linux-gnu/7.3.0/ -D_GNU_SOURCE /persist/sw/slc7_x86-64/CMake/v3.18.2-17/share/cmake-3.18/Modules/CMakeCXXCompilerABI.cpp -quiet -dumpbase CMakeCXXCompilerABI.cpp -mtune=generic -march=x86-64 -auxbase-strip CMakeFiles/cmTC_00471.dir/CMakeCXXCompilerABI.cpp.o -version -o /tmp/ccbHG37G.s]
  ignore line: [GNU C++14 (GCC) version 7.3.0 (x86_64-unknown-linux-gnu)]
  ignore line: [	compiled by GNU C version 7.3.0  GMP version 6.1.2  MPFR version 3.1.5  MPC version 1.0.3  isl version isl-0.16.1-GMP]
  ignore line: []
  ignore line: [GGC heuristics: --param ggc-min-expand=100 --param ggc-min-heapsize=131072]
  ignore line: [ignoring nonexistent directory "/persist/sw/slc7_x86-64/GCC-Toolchain/v7.3.0-alice2-7/bin/../lib/gcc/x86_64-unknown-linux-gnu/7.3.0/../../../../x86_64-unknown-linux-gnu/include"]
  ignore line: [ignoring duplicate directory "/persist/sw/slc7_x86-64/GCC-Toolchain/v7.3.0-alice2-7/bin/../lib/gcc/../../lib/gcc/x86_64-unknown-linux-gnu/7.3.0/../../../../include/c++/7.3.0"]
  ignore line: [ignoring duplicate directory "/persist/sw/slc7_x86-64/GCC-Toolchain/v7.3.0-alice2-7/bin/../lib/gcc/../../lib/gcc/x86_64-unknown-linux-gnu/7.3.0/../../../../include/c++/7.3.0/x86_64-unknown-linux-gnu"]
  ignore line: [ignoring duplicate directory "/persist/sw/slc7_x86-64/GCC-Toolchain/v7.3.0-alice2-7/bin/../lib/gcc/../../lib/gcc/x86_64-unknown-linux-gnu/7.3.0/../../../../include/c++/7.3.0/backward"]
  ignore line: [ignoring duplicate directory "/persist/sw/slc7_x86-64/GCC-Toolchain/v7.3.0-alice2-7/bin/../lib/gcc/../../lib/gcc/x86_64-unknown-linux-gnu/7.3.0/include"]
  ignore line: [ignoring duplicate directory "/persist/sw/slc7_x86-64/GCC-Toolchain/v7.3.0-alice2-7/bin/../lib/gcc/../../lib/gcc/x86_64-unknown-linux-gnu/7.3.0/include-fixed"]
  ignore line: [ignoring nonexistent directory "/persist/sw/slc7_x86-64/GCC-Toolchain/v7.3.0-alice2-7/bin/../lib/gcc/../../lib/gcc/x86_64-unknown-linux-gnu/7.3.0/../../../../x86_64-unknown-linux-gnu/include"]
  ignore line: [#include "..." search starts here:]
  ignore line: [#include <...> search starts here:]
  ignore line: [ /persist/sw/slc7_x86-64/GCC-Toolchain/v7.3.0-alice2-7/bin/../lib/gcc/x86_64-unknown-linux-gnu/7.3.0/../../../../include/c++/7.3.0]
  ignore line: [ /persist/sw/slc7_x86-64/GCC-Toolchain/v7.3.0-alice2-7/bin/../lib/gcc/x86_64-unknown-linux-gnu/7.3.0/../../../../include/c++/7.3.0/x86_64-unknown-linux-gnu]
  ignore line: [ /persist/sw/slc7_x86-64/GCC-Toolchain/v7.3.0-alice2-7/bin/../lib/gcc/x86_64-unknown-linux-gnu/7.3.0/../../../../include/c++/7.3.0/backward]
  ignore line: [ /persist/sw/slc7_x86-64/GCC-Toolchain/v7.3.0-alice2-7/bin/../lib/gcc/x86_64-unknown-linux-gnu/7.3.0/include]
  ignore line: [ /persist/sw/slc7_x86-64/GCC-Toolchain/v7.3.0-alice2-7/bin/../lib/gcc/x86_64-unknown-linux-gnu/7.3.0/include-fixed]
  ignore line: [ /usr/local/include]
  ignore line: [ /persist/sw/slc7_x86-64/GCC-Toolchain/v7.3.0-alice2-7/bin/../lib/gcc/../../include]
  ignore line: [ /usr/include]
  ignore line: [End of search list.]
  ignore line: [GNU C++14 (GCC) version 7.3.0 (x86_64-unknown-linux-gnu)]
  ignore line: [	compiled by GNU C version 7.3.0  GMP version 6.1.2  MPFR version 3.1.5  MPC version 1.0.3  isl version isl-0.16.1-GMP]
  ignore line: []
  ignore line: [GGC heuristics: --param ggc-min-expand=100 --param ggc-min-heapsize=131072]
  ignore line: [Compiler executable checksum: dbf666212b61215fa99ce7d8d6ed40f3]
  ignore line: [COLLECT_GCC_OPTIONS='-v' '-o' 'CMakeFiles/cmTC_00471.dir/CMakeCXXCompilerABI.cpp.o' '-c' '-shared-libgcc' '-mtune=generic' '-march=x86-64']
  ignore line: [ /persist/sw/slc7_x86-64/GCC-Toolchain/v7.3.0-alice2-7/bin/../lib/gcc/x86_64-unknown-linux-gnu/7.3.0/../../../../x86_64-unknown-linux-gnu/bin/as -v --64 -o CMakeFiles/cmTC_00471.dir/CMakeCXXCompilerABI.cpp.o /tmp/ccbHG37G.s]
  ignore line: [GNU assembler version 2.30 (x86_64-unknown-linux-gnu) using BFD version (GNU Binutils) 2.30]
  ignore line: [COMPILER_PATH=/persist/sw/slc7_x86-64/GCC-Toolchain/v7.3.0-alice2-7/bin/../libexec/gcc/x86_64-unknown-linux-gnu/7.3.0/:/persist/sw/slc7_x86-64/GCC-Toolchain/v7.3.0-alice2-7/bin/../libexec/gcc/:/persist/sw/slc7_x86-64/GCC-Toolchain/v7.3.0-alice2-7/bin/../lib/gcc/x86_64-unknown-linux-gnu/7.3.0/../../../../x86_64-unknown-linux-gnu/bin/]
  ignore line: [LIBRARY_PATH=/persist/sw/slc7_x86-64/GCC-Toolchain/v7.3.0-alice2-7/bin/../lib/gcc/x86_64-unknown-linux-gnu/7.3.0/:/persist/sw/slc7_x86-64/GCC-Toolchain/v7.3.0-alice2-7/bin/../lib/gcc/:/persist/sw/slc7_x86-64/GCC-Toolchain/v7.3.0-alice2-7/bin/../lib/gcc/x86_64-unknown-linux-gnu/7.3.0/../../../../lib64/:/lib/../lib64/:/usr/lib/../lib64/:/persist/sw/slc7_x86-64/GCC-Toolchain/v7.3.0-alice2-7/bin/../lib/gcc/x86_64-unknown-linux-gnu/7.3.0/../../../../x86_64-unknown-linux-gnu/lib/:/persist/sw/slc7_x86-64/GCC-Toolchain/v7.3.0-alice2-7/bin/../lib/gcc/x86_64-unknown-linux-gnu/7.3.0/../../../:/lib/:/usr/lib/]
  ignore line: [COLLECT_GCC_OPTIONS='-v' '-o' 'CMakeFiles/cmTC_00471.dir/CMakeCXXCompilerABI.cpp.o' '-c' '-shared-libgcc' '-mtune=generic' '-march=x86-64']
  ignore line: [Linking CXX executable cmTC_00471]
  ignore line: [/persist/sw/slc7_x86-64/CMake/v3.18.2-17/bin/cmake -E cmake_link_script CMakeFiles/cmTC_00471.dir/link.txt --verbose=1]
  ignore line: [/persist/sw/slc7_x86-64/GCC-Toolchain/v7.3.0-alice2-7/bin/c++  -v -rdynamic CMakeFiles/cmTC_00471.dir/CMakeCXXCompilerABI.cpp.o -o cmTC_00471 ]
  ignore line: [Using built-in specs.]
  ignore line: [COLLECT_GCC=/persist/sw/slc7_x86-64/GCC-Toolchain/v7.3.0-alice2-7/bin/c++]
  ignore line: [COLLECT_LTO_WRAPPER=/persist/sw/slc7_x86-64/GCC-Toolchain/v7.3.0-alice2-7/bin/../libexec/gcc/x86_64-unknown-linux-gnu/7.3.0/lto-wrapper]
  ignore line: [Target: x86_64-unknown-linux-gnu]
  ignore line: [Configured with: ../gcc/configure --prefix=/build/workarea/sw/20156127/1/INSTALLROOT/664959d33eb24a745932ccc09afd53485d0098a6/slc7_x86-64/GCC-Toolchain/v7.3.0-alice2-7 --build=x86_64-unknown-linux-gnu --host=x86_64-unknown-linux-gnu --enable-languages=c,c++,fortran --disable-multilib --enable-ld=default --enable-lto --disable-nls]
  ignore line: [Thread model: posix]
  ignore line: [gcc version 7.3.0 (GCC) ]
  ignore line: [COMPILER_PATH=/persist/sw/slc7_x86-64/GCC-Toolchain/v7.3.0-alice2-7/bin/../libexec/gcc/x86_64-unknown-linux-gnu/7.3.0/:/persist/sw/slc7_x86-64/GCC-Toolchain/v7.3.0-alice2-7/bin/../libexec/gcc/:/persist/sw/slc7_x86-64/GCC-Toolchain/v7.3.0-alice2-7/bin/../lib/gcc/x86_64-unknown-linux-gnu/7.3.0/../../../../x86_64-unknown-linux-gnu/bin/]
  ignore line: [LIBRARY_PATH=/persist/sw/slc7_x86-64/GCC-Toolchain/v7.3.0-alice2-7/bin/../lib/gcc/x86_64-unknown-linux-gnu/7.3.0/:/persist/sw/slc7_x86-64/GCC-Toolchain/v7.3.0-alice2-7/bin/../lib/gcc/:/persist/sw/slc7_x86-64/GCC-Toolchain/v7.3.0-alice2-7/bin/../lib/gcc/x86_64-unknown-linux-gnu/7.3.0/../../../../lib64/:/lib/../lib64/:/usr/lib/../lib64/:/persist/sw/slc7_x86-64/GCC-Toolchain/v7.3.0-alice2-7/bin/../lib/gcc/x86_64-unknown-linux-gnu/7.3.0/../../../../x86_64-unknown-linux-gnu/lib/:/persist/sw/slc7_x86-64/GCC-Toolchain/v7.3.0-alice2-7/bin/../lib/gcc/x86_64-unknown-linux-gnu/7.3.0/../../../:/lib/:/usr/lib/]
  ignore line: [COLLECT_GCC_OPTIONS='-v' '-rdynamic' '-o' 'cmTC_00471' '-shared-libgcc' '-mtune=generic' '-march=x86-64']
  link line: [ /persist/sw/slc7_x86-64/GCC-Toolchain/v7.3.0-alice2-7/bin/../libexec/gcc/x86_64-unknown-linux-gnu/7.3.0/collect2 -plugin /persist/sw/slc7_x86-64/GCC-Toolchain/v7.3.0-alice2-7/bin/../libexec/gcc/x86_64-unknown-linux-gnu/7.3.0/liblto_plugin.so -plugin-opt=/persist/sw/slc7_x86-64/GCC-Toolchain/v7.3.0-alice2-7/bin/../libexec/gcc/x86_64-unknown-linux-gnu/7.3.0/lto-wrapper -plugin-opt=-fresolution=/tmp/ccoQAMqM.res -plugin-opt=-pass-through=-lgcc_s -plugin-opt=-pass-through=-lgcc -plugin-opt=-pass-through=-lc -plugin-opt=-pass-through=-lgcc_s -plugin-opt=-pass-through=-lgcc --eh-frame-hdr -m elf_x86_64 -export-dynamic -dynamic-linker /lib64/ld-linux-x86-64.so.2 -o cmTC_00471 /lib/../lib64/crt1.o /lib/../lib64/crti.o /persist/sw/slc7_x86-64/GCC-Toolchain/v7.3.0-alice2-7/bin/../lib/gcc/x86_64-unknown-linux-gnu/7.3.0/crtbegin.o -L/persist/sw/slc7_x86-64/GCC-Toolchain/v7.3.0-alice2-7/bin/../lib/gcc/x86_64-unknown-linux-gnu/7.3.0 -L/persist/sw/slc7_x86-64/GCC-Toolchain/v7.3.0-alice2-7/bin/../lib/gcc -L/persist/sw/slc7_x86-64/GCC-Toolchain/v7.3.0-alice2-7/bin/../lib/gcc/x86_64-unknown-linux-gnu/7.3.0/../../../../lib64 -L/lib/../lib64 -L/usr/lib/../lib64 -L/persist/sw/slc7_x86-64/GCC-Toolchain/v7.3.0-alice2-7/bin/../lib/gcc/x86_64-unknown-linux-gnu/7.3.0/../../../../x86_64-unknown-linux-gnu/lib -L/persist/sw/slc7_x86-64/GCC-Toolchain/v7.3.0-alice2-7/bin/../lib/gcc/x86_64-unknown-linux-gnu/7.3.0/../../.. CMakeFiles/cmTC_00471.dir/CMakeCXXCompilerABI.cpp.o -lstdc++ -lm -lgcc_s -lgcc -lc -lgcc_s -lgcc /persist/sw/slc7_x86-64/GCC-Toolchain/v7.3.0-alice2-7/bin/../lib/gcc/x86_64-unknown-linux-gnu/7.3.0/crtend.o /lib/../lib64/crtn.o]
    arg [/persist/sw/slc7_x86-64/GCC-Toolchain/v7.3.0-alice2-7/bin/../libexec/gcc/x86_64-unknown-linux-gnu/7.3.0/collect2] ==> ignore
    arg [-plugin] ==> ignore
    arg [/persist/sw/slc7_x86-64/GCC-Toolchain/v7.3.0-alice2-7/bin/../libexec/gcc/x86_64-unknown-linux-gnu/7.3.0/liblto_plugin.so] ==> ignore
    arg [-plugin-opt=/persist/sw/slc7_x86-64/GCC-Toolchain/v7.3.0-alice2-7/bin/../libexec/gcc/x86_64-unknown-linux-gnu/7.3.0/lto-wrapper] ==> ignore
    arg [-plugin-opt=-fresolution=/tmp/ccoQAMqM.res] ==> ignore
    arg [-plugin-opt=-pass-through=-lgcc_s] ==> ignore
    arg [-plugin-opt=-pass-through=-lgcc] ==> ignore
    arg [-plugin-opt=-pass-through=-lc] ==> ignore
    arg [-plugin-opt=-pass-through=-lgcc_s] ==> ignore
    arg [-plugin-opt=-pass-through=-lgcc] ==> ignore
    arg [--eh-frame-hdr] ==> ignore
    arg [-m] ==> ignore
    arg [elf_x86_64] ==> ignore
    arg [-export-dynamic] ==> ignore
    arg [-dynamic-linker] ==> ignore
    arg [/lib64/ld-linux-x86-64.so.2] ==> ignore
    arg [-o] ==> ignore
    arg [cmTC_00471] ==> ignore
    arg [/lib/../lib64/crt1.o] ==> ignore
    arg [/lib/../lib64/crti.o] ==> ignore
    arg [/persist/sw/slc7_x86-64/GCC-Toolchain/v7.3.0-alice2-7/bin/../lib/gcc/x86_64-unknown-linux-gnu/7.3.0/crtbegin.o] ==> ignore
    arg [-L/persist/sw/slc7_x86-64/GCC-Toolchain/v7.3.0-alice2-7/bin/../lib/gcc/x86_64-unknown-linux-gnu/7.3.0] ==> dir [/persist/sw/slc7_x86-64/GCC-Toolchain/v7.3.0-alice2-7/bin/../lib/gcc/x86_64-unknown-linux-gnu/7.3.0]
    arg [-L/persist/sw/slc7_x86-64/GCC-Toolchain/v7.3.0-alice2-7/bin/../lib/gcc] ==> dir [/persist/sw/slc7_x86-64/GCC-Toolchain/v7.3.0-alice2-7/bin/../lib/gcc]
    arg [-L/persist/sw/slc7_x86-64/GCC-Toolchain/v7.3.0-alice2-7/bin/../lib/gcc/x86_64-unknown-linux-gnu/7.3.0/../../../../lib64] ==> dir [/persist/sw/slc7_x86-64/GCC-Toolchain/v7.3.0-alice2-7/bin/../lib/gcc/x86_64-unknown-linux-gnu/7.3.0/../../../../lib64]
    arg [-L/lib/../lib64] ==> dir [/lib/../lib64]
    arg [-L/usr/lib/../lib64] ==> dir [/usr/lib/../lib64]
    arg [-L/persist/sw/slc7_x86-64/GCC-Toolchain/v7.3.0-alice2-7/bin/../lib/gcc/x86_64-unknown-linux-gnu/7.3.0/../../../../x86_64-unknown-linux-gnu/lib] ==> dir [/persist/sw/slc7_x86-64/GCC-Toolchain/v7.3.0-alice2-7/bin/../lib/gcc/x86_64-unknown-linux-gnu/7.3.0/../../../../x86_64-unknown-linux-gnu/lib]
    arg [-L/persist/sw/slc7_x86-64/GCC-Toolchain/v7.3.0-alice2-7/bin/../lib/gcc/x86_64-unknown-linux-gnu/7.3.0/../../..] ==> dir [/persist/sw/slc7_x86-64/GCC-Toolchain/v7.3.0-alice2-7/bin/../lib/gcc/x86_64-unknown-linux-gnu/7.3.0/../../..]
    arg [CMakeFiles/cmTC_00471.dir/CMakeCXXCompilerABI.cpp.o] ==> ignore
    arg [-lstdc++] ==> lib [stdc++]
    arg [-lm] ==> lib [m]
    arg [-lgcc_s] ==> lib [gcc_s]
    arg [-lgcc] ==> lib [gcc]
    arg [-lc] ==> lib [c]
    arg [-lgcc_s] ==> lib [gcc_s]
    arg [-lgcc] ==> lib [gcc]
    arg [/persist/sw/slc7_x86-64/GCC-Toolchain/v7.3.0-alice2-7/bin/../lib/gcc/x86_64-unknown-linux-gnu/7.3.0/crtend.o] ==> ignore
    arg [/lib/../lib64/crtn.o] ==> ignore
  collapse library dir [/persist/sw/slc7_x86-64/GCC-Toolchain/v7.3.0-alice2-7/bin/../lib/gcc/x86_64-unknown-linux-gnu/7.3.0] ==> [/persist/sw/slc7_x86-64/GCC-Toolchain/v7.3.0-alice2-7/lib/gcc/x86_64-unknown-linux-gnu/7.3.0]
  collapse library dir [/persist/sw/slc7_x86-64/GCC-Toolchain/v7.3.0-alice2-7/bin/../lib/gcc] ==> [/persist/sw/slc7_x86-64/GCC-Toolchain/v7.3.0-alice2-7/lib/gcc]
  collapse library dir [/persist/sw/slc7_x86-64/GCC-Toolchain/v7.3.0-alice2-7/bin/../lib/gcc/x86_64-unknown-linux-gnu/7.3.0/../../../../lib64] ==> [/persist/sw/slc7_x86-64/GCC-Toolchain/v7.3.0-alice2-7/lib64]
  collapse library dir [/lib/../lib64] ==> [/lib64]
  collapse library dir [/usr/lib/../lib64] ==> [/usr/lib64]
  collapse library dir [/persist/sw/slc7_x86-64/GCC-Toolchain/v7.3.0-alice2-7/bin/../lib/gcc/x86_64-unknown-linux-gnu/7.3.0/../../../../x86_64-unknown-linux-gnu/lib] ==> [/persist/sw/slc7_x86-64/GCC-Toolchain/v7.3.0-alice2-7/x86_64-unknown-linux-gnu/lib]
  collapse library dir [/persist/sw/slc7_x86-64/GCC-Toolchain/v7.3.0-alice2-7/bin/../lib/gcc/x86_64-unknown-linux-gnu/7.3.0/../../..] ==> [/persist/sw/slc7_x86-64/GCC-Toolchain/v7.3.0-alice2-7/lib]
  implicit libs: [stdc++;m;gcc_s;gcc;c;gcc_s;gcc]
  implicit dirs: [/persist/sw/slc7_x86-64/GCC-Toolchain/v7.3.0-alice2-7/lib/gcc/x86_64-unknown-linux-gnu/7.3.0;/persist/sw/slc7_x86-64/GCC-Toolchain/v7.3.0-alice2-7/lib/gcc;/persist/sw/slc7_x86-64/GCC-Toolchain/v7.3.0-alice2-7/lib64;/lib64;/usr/lib64;/persist/sw/slc7_x86-64/GCC-Toolchain/v7.3.0-alice2-7/x86_64-unknown-linux-gnu/lib;/persist/sw/slc7_x86-64/GCC-Toolchain/v7.3.0-alice2-7/lib]
  implicit fwks: []


